生成启动时间为 2020-07-10 学无止境 11:40:15。
     1>项目“D:\暑假学习\RemotePC\KeyBoardHOOK\KeyBoardHOOK\KeyBoardHOOK.vcxproj”在节点 2 上(Build 个目标)。
     1>C:\Program Files (x86)\MSBuild\Microsoft.Cpp\v4.0\V120\Microsoft.CppBuild.targets(357,5): warning MSB8004: Output Directory does not end with a trailing slash.  This build instance will add the slash as it is required to allow proper evaluation of the Output Directory.
     1>ClCompile:
         F:\vs2013\VC\bin\CL.exe /c /Zi /nologo /W3 /WX- /O2 /Oi /Oy- /GL /D WIN32 /D NDEBUG /D _WINDOWS /D _USRDLL /D KEYBOARDHOOK_EXPORTS /D _WINDLL /D _UNICODE /D UNICODE /Gm- /EHsc /MD /GS /Gy /fp:precise /Zc:wchar_t /Zc:forScope /Yc"stdafx.h" /Fp"Release\KeyBoardHOOK.pch" /Fo"Release\\" /Fd"Release\vc120.pdb" /Gd /TP /analyze- /errorReport:prompt stdafx.cpp
         stdafx.cpp
         F:\vs2013\VC\bin\CL.exe /c /Zi /nologo /W3 /WX- /O2 /Oi /Oy- /GL /D WIN32 /D NDEBUG /D _WINDOWS /D _USRDLL /D KEYBOARDHOOK_EXPORTS /D _WINDLL /D _UNICODE /D UNICODE /Gm- /EHsc /MD /GS /Gy /fp:precise /Zc:wchar_t /Zc:forScope /Fo"Release\\" /Fd"Release\vc120.pdb" /Gd /TP /analyze- /errorReport:prompt dllmain.cpp
         dllmain.cpp
     1>dllmain.cpp(20): warning C4996: '_swprintf': This function or variable may be unsafe. Consider using _swprintf_s instead. To disable deprecation, use _CRT_SECURE_NO_WARNINGS. See online help for details.
                 F:\vs2013\VC\include\wchar.h(787) : 参见“_swprintf”的声明
     1>dllmain.cpp(23): warning C4996: '_swprintf': This function or variable may be unsafe. Consider using _swprintf_s instead. To disable deprecation, use _CRT_SECURE_NO_WARNINGS. See online help for details.
                 F:\vs2013\VC\include\wchar.h(787) : 参见“_swprintf”的声明
     1>dllmain.cpp(25): warning C4996: '_swprintf': This function or variable may be unsafe. Consider using _swprintf_s instead. To disable deprecation, use _CRT_SECURE_NO_WARNINGS. See online help for details.
                 F:\vs2013\VC\include\wchar.h(787) : 参见“_swprintf”的声明
         F:\vs2013\VC\bin\CL.exe /c /Zi /nologo /W3 /WX- /O2 /Oi /Oy- /GL /D WIN32 /D NDEBUG /D _WINDOWS /D _USRDLL /D KEYBOARDHOOK_EXPORTS /D _WINDLL /D _UNICODE /D UNICODE /Gm- /EHsc /MD /GS /Gy /fp:precise /Zc:wchar_t /Zc:forScope /Yu"stdafx.h" /Fp"Release\KeyBoardHOOK.pch" /Fo"Release\\" /Fd"Release\vc120.pdb" /Gd /TP /analyze- /errorReport:prompt KeyBoardHOOK.cpp
         KeyBoardHOOK.cpp
       Link:
         F:\vs2013\VC\bin\link.exe /ERRORREPORT:PROMPT /OUT:"..\..\..\RemotePCS\Release\KeyBoardHOOK.dll" /INCREMENTAL:NO /NOLOGO kernel32.lib user32.lib gdi32.lib winspool.lib comdlg32.lib advapi32.lib shell32.lib ole32.lib oleaut32.lib uuid.lib odbc32.lib odbccp32.lib /DEF:"Source.def" /MANIFEST /MANIFESTUAC:"level='asInvoker' uiAccess='false'" /manifest:embed /DEBUG /PDB:"..\..\..\RemotePCS\Release\KeyBoardHOOK.pdb" /SUBSYSTEM:WINDOWS /OPT:REF /OPT:ICF /LTCG /TLBID:1 /DYNAMICBASE /NXCOMPAT /IMPLIB:"..\..\..\RemotePCS\Release\KeyBoardHOOK.lib" /MACHINE:X86 /SAFESEH /DLL Release\dllmain.obj
         Release\KeyBoardHOOK.obj
         Release\stdafx.obj
            正在创建库 ..\..\..\RemotePCS\Release\KeyBoardHOOK.lib 和对象 ..\..\..\RemotePCS\Release\KeyBoardHOOK.exp
         正在生成代码
         已完成代码的生成
         KeyBoardHOOK.vcxproj -> D:\暑假学习\RemotePC\KeyBoardHOOK\KeyBoardHOOK\..\..\..\RemotePCS\Release\KeyBoardHOOK.dll
     1>已完成生成项目“D:\暑假学习\RemotePC\KeyBoardHOOK\KeyBoardHOOK\KeyBoardHOOK.vcxproj”(Build 个目标)的操作。

生成成功。

已用时间 00:00:04.63
